{"contracts/SToken.sol":{"l":{"30":7,"31":7,"32":7,"33":7,"34":7,"36":7,"40":18,"44":20,"45":18,"49":20,"50":18,"54":8,"58":8,"62":18,"63":16,"64":14,"65":14,"69":3,"70":1,"71":1,"75":13,"76":11,"77":9,"78":7,"79":5,"80":4,"82":2,"83":2,"84":2,"88":12,"89":10,"90":8,"91":6,"92":4,"94":2,"95":2},"path":"/home/susi/Documents/ICO_solidity_contracts/contracts/SToken.sol","s":{"1":7,"2":7,"3":7,"4":7,"5":7,"6":7,"7":18,"8":20,"9":18,"10":20,"11":18,"12":8,"13":8,"14":18,"15":16,"16":14,"17":3,"18":1,"19":13,"20":11,"21":9,"22":7,"23":5,"24":4,"25":2,"26":2,"27":12,"28":10,"29":8,"30":6,"31":4,"32":2},"b":{"1":[18,2],"2":[18,2],"3":[16,2],"4":[14,2],"5":[1,2],"6":[11,2],"7":[9,2],"8":[7,2],"9":[5,2],"10":[4,1],"11":[2,2],"12":[10,2],"13":[8,2],"14":[6,2],"15":[4,2],"16":[2,2]},"f":{"1":7,"2":18,"3":20,"4":20,"5":8,"6":8,"7":18,"8":3,"9":13,"10":12},"fnMap":{"1":{"name":"constructor","line":29,"loc":{"start":{"line":29,"column":3},"end":{"line":37,"column":3}}},"2":{"name":"setPrivateSaleTimestamp","line":39,"loc":{"start":{"line":39,"column":3},"end":{"line":41,"column":3}}},"3":{"name":"setPublicSaleTimestamp","line":43,"loc":{"start":{"line":43,"column":3},"end":{"line":46,"column":3}}},"4":{"name":"setFinishSaleTimestamp","line":48,"loc":{"start":{"line":48,"column":3},"end":{"line":51,"column":3}}},"5":{"name":"setMaxTransferPrivate","line":53,"loc":{"start":{"line":53,"column":3},"end":{"line":55,"column":3}}},"6":{"name":"setMaxTransferPublic","line":57,"loc":{"start":{"line":57,"column":3},"end":{"line":59,"column":3}}},"7":{"name":"addWhitelistedAccount","line":61,"loc":{"start":{"line":61,"column":3},"end":{"line":66,"column":4}}},"8":{"name":"removeWhitelistedAccount","line":68,"loc":{"start":{"line":68,"column":4},"end":{"line":72,"column":4}}},"9":{"name":"safePrivateMint","line":74,"loc":{"start":{"line":74,"column":3},"end":{"line":85,"column":3}}},"10":{"name":"safePublicMint","line":87,"loc":{"start":{"line":87,"column":3},"end":{"line":96,"column":3}}}},"statementMap":{"1":{"start":{"line":30,"column":7},"end":{"line":30,"column":52}},"2":{"start":{"line":31,"column":7},"end":{"line":31,"column":50}},"3":{"start":{"line":32,"column":7},"end":{"line":32,"column":50}},"4":{"start":{"line":33,"column":7},"end":{"line":33,"column":48}},"5":{"start":{"line":34,"column":7},"end":{"line":34,"column":46}},"6":{"start":{"line":36,"column":7},"end":{"line":36,"column":37}},"7":{"start":{"line":40,"column":7},"end":{"line":40,"column":50}},"8":{"start":{"line":44,"column":7},"end":{"line":44,"column":124}},"9":{"start":{"line":45,"column":7},"end":{"line":45,"column":48}},"10":{"start":{"line":49,"column":7},"end":{"line":49,"column":122}},"11":{"start":{"line":50,"column":7},"end":{"line":50,"column":48}},"12":{"start":{"line":54,"column":7},"end":{"line":54,"column":46}},"13":{"start":{"line":58,"column":7},"end":{"line":58,"column":44}},"14":{"start":{"line":62,"column":8},"end":{"line":62,"column":94}},"15":{"start":{"line":63,"column":8},"end":{"line":63,"column":96}},"16":{"start":{"line":65,"column":8},"end":{"line":65,"column":43}},"17":{"start":{"line":69,"column":8},"end":{"line":69,"column":96}},"18":{"start":{"line":71,"column":8},"end":{"line":71,"column":44}},"19":{"start":{"line":75,"column":7},"end":{"line":75,"column":97}},"20":{"start":{"line":76,"column":7},"end":{"line":76,"column":89}},"21":{"start":{"line":77,"column":7},"end":{"line":77,"column":97}},"22":{"start":{"line":78,"column":7},"end":{"line":78,"column":142}},"23":{"start":{"line":79,"column":7},"end":{"line":79,"column":141}},"24":{"start":{"line":80,"column":7},"end":{"line":80,"column":91}},"25":{"start":{"line":82,"column":7},"end":{"line":82,"column":55}},"26":{"start":{"line":84,"column":7},"end":{"line":84,"column":73}},"27":{"start":{"line":88,"column":7},"end":{"line":88,"column":95}},"28":{"start":{"line":89,"column":7},"end":{"line":89,"column":81}},"29":{"start":{"line":90,"column":7},"end":{"line":90,"column":139}},"30":{"start":{"line":91,"column":7},"end":{"line":91,"column":127}},"31":{"start":{"line":92,"column":7},"end":{"line":92,"column":90}},"32":{"start":{"line":94,"column":7},"end":{"line":94,"column":55}}},"branchMap":{"1":{"line":44,"type":"if","locations":[{"start":{"line":44,"column":7},"end":{"line":44,"column":7}},{"start":{"line":44,"column":7},"end":{"line":44,"column":7}}]},"2":{"line":49,"type":"if","locations":[{"start":{"line":49,"column":7},"end":{"line":49,"column":7}},{"start":{"line":49,"column":7},"end":{"line":49,"column":7}}]},"3":{"line":62,"type":"if","locations":[{"start":{"line":62,"column":8},"end":{"line":62,"column":8}},{"start":{"line":62,"column":8},"end":{"line":62,"column":8}}]},"4":{"line":63,"type":"if","locations":[{"start":{"line":63,"column":8},"end":{"line":63,"column":8}},{"start":{"line":63,"column":8},"end":{"line":63,"column":8}}]},"5":{"line":69,"type":"if","locations":[{"start":{"line":69,"column":8},"end":{"line":69,"column":8}},{"start":{"line":69,"column":8},"end":{"line":69,"column":8}}]},"6":{"line":75,"type":"if","locations":[{"start":{"line":75,"column":7},"end":{"line":75,"column":7}},{"start":{"line":75,"column":7},"end":{"line":75,"column":7}}]},"7":{"line":76,"type":"if","locations":[{"start":{"line":76,"column":7},"end":{"line":76,"column":7}},{"start":{"line":76,"column":7},"end":{"line":76,"column":7}}]},"8":{"line":77,"type":"if","locations":[{"start":{"line":77,"column":7},"end":{"line":77,"column":7}},{"start":{"line":77,"column":7},"end":{"line":77,"column":7}}]},"9":{"line":78,"type":"if","locations":[{"start":{"line":78,"column":7},"end":{"line":78,"column":7}},{"start":{"line":78,"column":7},"end":{"line":78,"column":7}}]},"10":{"line":79,"type":"if","locations":[{"start":{"line":79,"column":7},"end":{"line":79,"column":7}},{"start":{"line":79,"column":7},"end":{"line":79,"column":7}}]},"11":{"line":80,"type":"if","locations":[{"start":{"line":80,"column":7},"end":{"line":80,"column":7}},{"start":{"line":80,"column":7},"end":{"line":80,"column":7}}]},"12":{"line":88,"type":"if","locations":[{"start":{"line":88,"column":7},"end":{"line":88,"column":7}},{"start":{"line":88,"column":7},"end":{"line":88,"column":7}}]},"13":{"line":89,"type":"if","locations":[{"start":{"line":89,"column":7},"end":{"line":89,"column":7}},{"start":{"line":89,"column":7},"end":{"line":89,"column":7}}]},"14":{"line":90,"type":"if","locations":[{"start":{"line":90,"column":7},"end":{"line":90,"column":7}},{"start":{"line":90,"column":7},"end":{"line":90,"column":7}}]},"15":{"line":91,"type":"if","locations":[{"start":{"line":91,"column":7},"end":{"line":91,"column":7}},{"start":{"line":91,"column":7},"end":{"line":91,"column":7}}]},"16":{"line":92,"type":"if","locations":[{"start":{"line":92,"column":7},"end":{"line":92,"column":7}},{"start":{"line":92,"column":7},"end":{"line":92,"column":7}}]}}}}