{"contracts/SToken.sol":{"l":{"29":6,"30":6,"31":6,"32":6,"33":6,"35":6,"39":8,"43":10,"44":8,"48":10,"49":8,"53":7,"57":7,"61":17,"62":15,"63":13,"64":13,"68":3,"69":1,"70":1,"74":1,"75":1,"76":1,"77":1,"78":1,"79":1,"81":1,"82":1,"83":1},"path":"/home/susi/Documents/stoken_contract/contracts/SToken.sol","s":{"1":6,"2":6,"3":6,"4":6,"5":6,"6":6,"7":8,"8":10,"9":8,"10":10,"11":8,"12":7,"13":7,"14":17,"15":15,"16":13,"17":3,"18":1,"19":1,"20":1,"21":1,"22":1,"23":1,"24":1,"25":1,"26":1},"b":{"1":[8,2],"2":[8,2],"3":[15,2],"4":[13,2],"5":[1,2],"6":[1,0],"7":[1,0],"8":[1,0],"9":[1,0],"10":[1,0],"11":[1,0]},"f":{"1":6,"2":8,"3":10,"4":10,"5":7,"6":7,"7":17,"8":3,"9":1},"fnMap":{"1":{"name":"constructor","line":28,"loc":{"start":{"line":28,"column":3},"end":{"line":36,"column":3}}},"2":{"name":"setPrivateSaleTimestamp","line":38,"loc":{"start":{"line":38,"column":3},"end":{"line":40,"column":3}}},"3":{"name":"setPublicSaleTimestamp","line":42,"loc":{"start":{"line":42,"column":3},"end":{"line":45,"column":3}}},"4":{"name":"setFinishSaleTimestamp","line":47,"loc":{"start":{"line":47,"column":3},"end":{"line":50,"column":3}}},"5":{"name":"setMaxTransferPrivate","line":52,"loc":{"start":{"line":52,"column":3},"end":{"line":54,"column":3}}},"6":{"name":"setMaxTransferPublic","line":56,"loc":{"start":{"line":56,"column":3},"end":{"line":58,"column":3}}},"7":{"name":"addWhitelistedAccount","line":60,"loc":{"start":{"line":60,"column":3},"end":{"line":65,"column":4}}},"8":{"name":"removeWhitelistedAccount","line":67,"loc":{"start":{"line":67,"column":4},"end":{"line":71,"column":4}}},"9":{"name":"safePrivateMint","line":73,"loc":{"start":{"line":73,"column":3},"end":{"line":84,"column":3}}}},"statementMap":{"1":{"start":{"line":29,"column":7},"end":{"line":29,"column":52}},"2":{"start":{"line":30,"column":7},"end":{"line":30,"column":50}},"3":{"start":{"line":31,"column":7},"end":{"line":31,"column":50}},"4":{"start":{"line":32,"column":7},"end":{"line":32,"column":48}},"5":{"start":{"line":33,"column":7},"end":{"line":33,"column":46}},"6":{"start":{"line":35,"column":7},"end":{"line":35,"column":37}},"7":{"start":{"line":39,"column":7},"end":{"line":39,"column":50}},"8":{"start":{"line":43,"column":7},"end":{"line":43,"column":124}},"9":{"start":{"line":44,"column":7},"end":{"line":44,"column":48}},"10":{"start":{"line":48,"column":7},"end":{"line":48,"column":122}},"11":{"start":{"line":49,"column":7},"end":{"line":49,"column":48}},"12":{"start":{"line":53,"column":7},"end":{"line":53,"column":46}},"13":{"start":{"line":57,"column":7},"end":{"line":57,"column":44}},"14":{"start":{"line":61,"column":8},"end":{"line":61,"column":94}},"15":{"start":{"line":62,"column":8},"end":{"line":62,"column":96}},"16":{"start":{"line":64,"column":8},"end":{"line":64,"column":43}},"17":{"start":{"line":68,"column":8},"end":{"line":68,"column":96}},"18":{"start":{"line":70,"column":8},"end":{"line":70,"column":44}},"19":{"start":{"line":74,"column":7},"end":{"line":74,"column":97}},"20":{"start":{"line":75,"column":7},"end":{"line":75,"column":89}},"21":{"start":{"line":76,"column":7},"end":{"line":76,"column":97}},"22":{"start":{"line":77,"column":7},"end":{"line":77,"column":142}},"23":{"start":{"line":78,"column":7},"end":{"line":78,"column":141}},"24":{"start":{"line":79,"column":7},"end":{"line":79,"column":91}},"25":{"start":{"line":81,"column":7},"end":{"line":81,"column":55}},"26":{"start":{"line":83,"column":7},"end":{"line":83,"column":73}}},"branchMap":{"1":{"line":43,"type":"if","locations":[{"start":{"line":43,"column":7},"end":{"line":43,"column":7}},{"start":{"line":43,"column":7},"end":{"line":43,"column":7}}]},"2":{"line":48,"type":"if","locations":[{"start":{"line":48,"column":7},"end":{"line":48,"column":7}},{"start":{"line":48,"column":7},"end":{"line":48,"column":7}}]},"3":{"line":61,"type":"if","locations":[{"start":{"line":61,"column":8},"end":{"line":61,"column":8}},{"start":{"line":61,"column":8},"end":{"line":61,"column":8}}]},"4":{"line":62,"type":"if","locations":[{"start":{"line":62,"column":8},"end":{"line":62,"column":8}},{"start":{"line":62,"column":8},"end":{"line":62,"column":8}}]},"5":{"line":68,"type":"if","locations":[{"start":{"line":68,"column":8},"end":{"line":68,"column":8}},{"start":{"line":68,"column":8},"end":{"line":68,"column":8}}]},"6":{"line":74,"type":"if","locations":[{"start":{"line":74,"column":7},"end":{"line":74,"column":7}},{"start":{"line":74,"column":7},"end":{"line":74,"column":7}}]},"7":{"line":75,"type":"if","locations":[{"start":{"line":75,"column":7},"end":{"line":75,"column":7}},{"start":{"line":75,"column":7},"end":{"line":75,"column":7}}]},"8":{"line":76,"type":"if","locations":[{"start":{"line":76,"column":7},"end":{"line":76,"column":7}},{"start":{"line":76,"column":7},"end":{"line":76,"column":7}}]},"9":{"line":77,"type":"if","locations":[{"start":{"line":77,"column":7},"end":{"line":77,"column":7}},{"start":{"line":77,"column":7},"end":{"line":77,"column":7}}]},"10":{"line":78,"type":"if","locations":[{"start":{"line":78,"column":7},"end":{"line":78,"column":7}},{"start":{"line":78,"column":7},"end":{"line":78,"column":7}}]},"11":{"line":79,"type":"if","locations":[{"start":{"line":79,"column":7},"end":{"line":79,"column":7}},{"start":{"line":79,"column":7},"end":{"line":79,"column":7}}]}}}}